2020-05-13 10:49:21.148970
acpid stopped
apparmor stopped
atd stopped
console-setup.sh stopped
cron stopped
cryptdisks-early stopped
dbus stopped
ebtables stopped
irqbalance running
iscsid running
keyboard-setup.sh stopped
kmod stopped
lvm2 stopped
lvm2-lvmetad running
lvm2-lvmpolld running
lxcfs stopped
lxd stopped
mdadm stopped
mdadm-waitidle stopped
open-iscsi running
open-vm-tools stopped
procps stopped
rsync stopped
rsyslog stopped
screen-cleanup stopped
ssh stopped
udev stopped
ufw stopped
unattended-upgrades stopped
uuidd stopped
 stopped

2020-05-13 10:49:28.221223
acpid stopped
apparmor stopped
atd stopped
console-setup.sh stopped
cron stopped
cryptdisks-early stopped
dbus stopped
ebtables stopped
irqbalance running
iscsid running
keyboard-setup.sh stopped
kmod stopped
lvm2 stopped
lvm2-lvmetad running
lvm2-lvmpolld running
lxcfs stopped
lxd stopped
mdadm stopped
mdadm-waitidle stopped
open-iscsi running
open-vm-tools stopped
procps stopped
rsync stopped
rsyslog stopped
screen-cleanup stopped
ssh stopped
udev stopped
ufw stopped
unattended-upgrades stopped
uuidd stopped
 stopped

2020-05-13 10:49:30.340749
acpid stopped
apparmor stopped
atd stopped
console-setup.sh stopped
cron stopped
cryptdisks-early stopped
dbus stopped
ebtables stopped
irqbalance running
iscsid running
keyboard-setup.sh stopped
kmod stopped
lvm2 stopped
lvm2-lvmetad running
lvm2-lvmpolld running
lxcfs stopped
lxd stopped
mdadm stopped
mdadm-waitidle stopped
open-iscsi running
open-vm-tools stopped
procps stopped
rsync stopped
rsyslog stopped
screen-cleanup stopped
ssh stopped
udev stopped
ufw stopped
unattended-upgrades stopped
uuidd stopped
 stopped

2020-05-13 10:49:37.307299
acpid stopped
apparmor stopped
atd stopped
console-setup.sh stopped
cron stopped
cryptdisks-early stopped
dbus stopped
ebtables stopped
irqbalance running
iscsid running
keyboard-setup.sh stopped
kmod stopped
lvm2 stopped
lvm2-lvmetad running
lvm2-lvmpolld running
lxcfs stopped
lxd stopped
mdadm stopped
mdadm-waitidle stopped
open-iscsi running
open-vm-tools stopped
procps stopped
rsync stopped
rsyslog stopped
screen-cleanup stopped
ssh stopped
udev stopped
ufw stopped
unattended-upgrades stopped
uuidd stopped
 stopped

2020-05-13 10:49:39.299754
acpid stopped
apparmor stopped
atd stopped
console-setup.sh stopped
cron stopped
cryptdisks-early stopped
dbus stopped
ebtables stopped
irqbalance running
iscsid running
keyboard-setup.sh stopped
kmod stopped
lvm2 stopped
lvm2-lvmetad running
lvm2-lvmpolld running
lxcfs stopped
lxd stopped
mdadm stopped
mdadm-waitidle stopped
open-iscsi running
open-vm-tools stopped
procps stopped
rsync stopped
rsyslog stopped
screen-cleanup stopped
ssh stopped
udev stopped
ufw stopped
unattended-upgrades stopped
uuidd stopped
 stopped

